  Не удается найти указанный файл.
  Не удается найти указанный файл.
  main.cpp
c:\1prog\3course\псв\graphicsengine_2018-02-18\graphicsengine\sources\tasks\cameracontroller.h(65): warning C4244: =: преобразование "double" в "int", возможна потеря данных
c:\1prog\3course\псв\graphicsengine_2018-02-18\graphicsengine\sources\tasks\cameracontroller.h(68): warning C4244: =: преобразование "double" в "int", возможна потеря данных
c:\1prog\3course\псв\graphicsengine_2018-02-18\graphicsengine\sources\tasks\task03.h(108): warning C4305: аргумент: усечение из "double" в "float"
c:\1prog\3course\псв\graphicsengine_2018-02-18\graphicsengine\sources\main.cpp(46): warning C4996: '_sleep': This function or variable has been superceded by newer library or operating system functionality. Consider using Sleep instead. See online help for details.
  c:\program files (x86)\windows kits\10\include\10.0.17134.0\ucrt\stdlib.h(1274): note:  см. объявление "_sleep"
Application.obj : warning LNK4075: не учитывается "/EDITANDCONTINUE" из-за спецификации "/INCREMENTAL:NO"
  vs2010.vcxproj -> C:\1prog\3course\ПСВ\GraphicsEngine_2018-02-18\GraphicsEngine\vs2010\..\BUILD\Debug\GraphicsEngine\GraphicsEngine.exe
  ..\SDKs\OpenGL\dll\freeglut.dll
  ..\SDKs\OpenGL\dll\FreeImage.dll
  ..\SDKs\OpenGL\dll\glew32.dll
  Скопировано файлов: 3.
  ..\Sources\GraphicsEngine\Shaders\DX11\ShaderDiffuse.fx
  ..\Sources\GraphicsEngine\Shaders\DX11\ShaderSand.fx
  ..\Sources\GraphicsEngine\Shaders\DX11\ShaderUnlit.fx
  ..\Sources\GraphicsEngine\Shaders\DX11\ShaderUnlitSimple.fx
  ..\Sources\GraphicsEngine\Shaders\DX9\ShaderDiffuse.ps
  ..\Sources\GraphicsEngine\Shaders\DX9\ShaderDiffuse.vs
  ..\Sources\GraphicsEngine\Shaders\DX9\ShaderSand.ps
  ..\Sources\GraphicsEngine\Shaders\DX9\ShaderSand.vs
  ..\Sources\GraphicsEngine\Shaders\DX9\ShaderUnlit.ps
  ..\Sources\GraphicsEngine\Shaders\DX9\ShaderUnlit.vs
  ..\Sources\GraphicsEngine\Shaders\DX9\ShaderUnlitSimple.ps
  ..\Sources\GraphicsEngine\Shaders\DX9\ShaderUnlitSimple.vs
  ..\Sources\GraphicsEngine\Shaders\GL20\MyShaderDiffuse.fs
  ..\Sources\GraphicsEngine\Shaders\GL20\MyShaderDiffuse.vs
  ..\Sources\GraphicsEngine\Shaders\GL20\ShaderDiffuse.fs
  ..\Sources\GraphicsEngine\Shaders\GL20\ShaderDiffuse.vs
  ..\Sources\GraphicsEngine\Shaders\GL20\ShaderEarth.fs
  ..\Sources\GraphicsEngine\Shaders\GL20\ShaderEarth.vs
  ..\Sources\GraphicsEngine\Shaders\GL20\ShaderRoad.fs
  ..\Sources\GraphicsEngine\Shaders\GL20\ShaderRoad.vs
  ..\Sources\GraphicsEngine\Shaders\GL20\ShaderSand.fs
  ..\Sources\GraphicsEngine\Shaders\GL20\ShaderSand.vs
  ..\Sources\GraphicsEngine\Shaders\GL20\ShaderSand1.fs
  ..\Sources\GraphicsEngine\Shaders\GL20\ShaderSand1.vs
  ..\Sources\GraphicsEngine\Shaders\GL20\ShaderSand2.fs
  ..\Sources\GraphicsEngine\Shaders\GL20\ShaderSand2.vs
  ..\Sources\GraphicsEngine\Shaders\GL20\ShaderSand3.fs
  ..\Sources\GraphicsEngine\Shaders\GL20\ShaderSand3.vs
  ..\Sources\GraphicsEngine\Shaders\GL20\ShaderSandEarth.fs
  ..\Sources\GraphicsEngine\Shaders\GL20\ShaderSandEarth.vs
  ..\Sources\GraphicsEngine\Shaders\GL20\ShaderUnlit.fs
  ..\Sources\GraphicsEngine\Shaders\GL20\ShaderUnlit.vs
  ..\Sources\GraphicsEngine\Shaders\GL20\ShaderUnlitSimple.fs
  ..\Sources\GraphicsEngine\Shaders\GL20\ShaderUnlitSimple.vs
  ..\Sources\GraphicsEngine\Shaders\GL20\ShaderUnlitSimpleCube.fs
  ..\Sources\GraphicsEngine\Shaders\GL20\ShaderUnlitSimpleCube.vs
  ..\Sources\GraphicsEngine\Shaders\GL20\ShaderUnlitSimpleCyl.fs
  ..\Sources\GraphicsEngine\Shaders\GL20\ShaderUnlitSimpleCyl.vs
  Скопировано файлов: 38.
  ..\Data\ChessBoard.png
  ..\Data\Earth_Albedo.jpg
  ..\Data\Earth_NormalMap.jpg
  ..\Data\MeshCube.mtl
  ..\Data\MeshCube.obj
  ..\Data\MeshHouse.mtl
  ..\Data\MeshHouse.obj
  ..\Data\MeshSphere.mtl
  ..\Data\MeshSphere.obj
  ..\Data\road_1.jpg
  ..\Data\road_2.jpg
  ..\Data\road_3.jpg
  ..\Data\sand.jpg
  Скопировано файлов: 13.
